Connection established to port 12345
Message sent to port 12345: LIST
List operation started
Message received from port 12345: LIST
List operation successfully completed
Message sent to port 12345: STORE File1 20
Store operation started for file File1
Message received from port 12345: STORE_TO 12344
Controller replied to store File1 in these Dstores: 12344 
Connection established to port 12344
Message sent to port 12344: STORE File1 20
Storing file File1 to Dstore 12344
Message received from port 12344: ACK
ACK received from Dstore 12344 to store file File1
Store of file File1 to Dstore 12344 successfully completed
Message received from port 12345: STORE_COMPLETE
Store operation for file File1 completed
Message sent to port 12345: STORE File1 20
Store operation started for file File1
Message received from port 12345: STORE_TO 12344
Controller replied to store File1 in these Dstores: 12344 
Connection established to port 12344
Message sent to port 12344: STORE File1 20
Storing file File1 to Dstore 12344
Message received from port 12344: ACK
ACK received from Dstore 12344 to store file File1
Store of file File1 to Dstore 12344 successfully completed
Message received from port 12345: STORE_COMPLETE
Store operation for file File1 completed
Message sent to port 12345: LIST
List operation started
Message received from port 12345: LIST
List operation successfully completed
Message sent to port 12345: LIST
List operation started
Message received from port 12345: LIST
List operation successfully completed
